0 info it worked if it ends with ok
1 verbose cli [ '/usr/local/bin/node', '/usr/local/bin/npm', 'run', 'watch' ]
2 info using npm@4.1.1
3 info using node@v6.2.1
4 verbose run-script [ 'prewatch', 'watch', 'postwatch' ]
5 info lifecycle triangles@1.0.0~prewatch: triangles@1.0.0
6 silly lifecycle triangles@1.0.0~prewatch: no script for prewatch, continuing
7 info lifecycle triangles@1.0.0~watch: triangles@1.0.0
8 verbose lifecycle triangles@1.0.0~watch: unsafe-perm in lifecycle true
9 verbose lifecycle triangles@1.0.0~watch: PATH: /usr/local/lib/node_modules/npm/bin/node-gyp-bin:/home/connor/Downloads/work/triangles/node_modules/.bin:/usr/local/bin:/usr/bin:/bin:/usr/local/games:/usr/games
10 verbose lifecycle triangles@1.0.0~watch: CWD: /home/connor/Downloads/work/triangles
11 silly lifecycle triangles@1.0.0~watch: Args: [ '-c', 'watchify js/app.js -o js/bundle.js' ]
12 silly lifecycle triangles@1.0.0~watch: Returned: code: 1  signal: null
13 info lifecycle triangles@1.0.0~watch: Failed to exec watch script
14 verbose stack Error: triangles@1.0.0 watch: `watchify js/app.js -o js/bundle.js`
14 verbose stack Exit status 1
14 verbose stack     at EventEmitter.<anonymous> (/usr/local/lib/node_modules/npm/lib/utils/lifecycle.js:279:16)
14 verbose stack     at emitTwo (events.js:106:13)
14 verbose stack     at EventEmitter.emit (events.js:191:7)
14 verbose stack     at ChildProcess.<anonymous> (/usr/local/lib/node_modules/npm/lib/utils/spawn.js:40:14)
14 verbose stack     at emitTwo (events.js:106:13)
14 verbose stack     at ChildProcess.emit (events.js:191:7)
14 verbose stack     at maybeClose (internal/child_process.js:852:16)
14 verbose stack     at Process.ChildProcess._handle.onexit (internal/child_process.js:215:5)
15 verbose pkgid triangles@1.0.0
16 verbose cwd /home/connor/Downloads/work/triangles
17 error Linux 3.14.0
18 error argv "/usr/local/bin/node" "/usr/local/bin/npm" "run" "watch"
19 error node v6.2.1
20 error npm  v4.1.1
21 error code ELIFECYCLE
22 error triangles@1.0.0 watch: `watchify js/app.js -o js/bundle.js`
22 error Exit status 1
23 error Failed at the triangles@1.0.0 watch script 'watchify js/app.js -o js/bundle.js'.
23 error Make sure you have the latest version of node.js and npm installed.
23 error If you do, this is most likely a problem with the triangles package,
23 error not with npm itself.
23 error Tell the author that this fails on your system:
23 error     watchify js/app.js -o js/bundle.js
23 error You can get information on how to open an issue for this project with:
23 error     npm bugs triangles
23 error Or if that isn't available, you can get their info via:
23 error     npm owner ls triangles
23 error There is likely additional logging output above.
24 verbose exit [ 1, true ]
